<?xml version="1.0" encoding="UTF-8"?>
<testng-results ignored="0" total="1" passed="0" failed="1" skipped="0">
  <reporter-output>
  </reporter-output>
  <suite started-at="2020-06-30T18:05:53 EDT" name="Default suite" finished-at="2020-06-30T18:06:34 EDT" duration-ms="40364">
    <groups>
    </groups>
    <test started-at="2020-06-30T18:05:53 EDT" name="Default test" finished-at="2020-06-30T18:06:34 EDT" duration-ms="40364">
      <class name="demo2.ScreenShotTest">
        <test-method is-config="true" signature="openBrowser()[pri:0, instance:demo2.ScreenShotTest@6ab7a896]" started-at="2020-06-30T18:05:53 EDT" name="openBrowser" finished-at="2020-06-30T18:06:01 EDT" duration-ms="7571" status="PASS">
          <reporter-output>
          </reporter-output>
        </test-method> <!-- openBrowser -->
        <test-method signature="verifyFligtBooking()[pri:0, instance:demo2.ScreenShotTest@6ab7a896]" started-at="2020-06-30T18:06:01 EDT" name="verifyFligtBooking" finished-at="2020-06-30T18:06:34 EDT" duration-ms="32574" status="FAIL">
          <exception class="java.lang.AssertionError">
            <message>
              <![CDATA[Script failed due to Exceptionorg.openqa.selenium.NoSuchElementException: no such element: Unable to locate element: {"method":"css selector","selector":"body > div > table > tbody > tr > td:nth-child(2) > table > tbody > tr:nth-child(4) > td > table > tbody > tr > td:nth-child(2) > table > tbody > tr:nth-child(5) > td > form > table > tbody > tr:nth-child(9) > td:nth-child(2) > font > font > input[type=radio]:nth-child(2)"}
  (Session info: chrome=83.0.4103.116)
For documentation on this error, please visit: https://www.seleniumhq.org/exceptions/no_such_element.html
Build info: version: '3.141.59', revision: 'e82be7d358', time: '2018-11-14T08:25:48'
System info: host: 'ASPIREM5', ip: '192.168.1.184', os.name: 'Windows 10', os.arch: 'amd64', os.version: '10.0', java.version: '14.0.1'
Driver info: org.openqa.selenium.chrome.ChromeDriver
Capabilities {acceptInsecureCerts: false, browserName: chrome, browserVersion: 83.0.4103.116, chrome: {chromedriverVersion: 83.0.4103.39 (ccbf011cb2d2b..., userDataDir: C:\Users\Owner\AppData\Loca...}, goog:chromeOptions: {debuggerAddress: localhost:62003}, javascriptEnabled: true, networkConnectionEnabled: false, pageLoadStrategy: normal, platform: WINDOWS, platformName: WINDOWS, proxy: Proxy(), setWindowRect: true, strictFileInteractability: false, timeouts: {implicit: 0, pageLoad: 300000, script: 30000}, unhandledPromptBehavior: dismiss and notify, webauthn:virtualAuthenticators: true}
Session ID: a5fd3352d45a1e65876ff581ab8fda58
*** Element info: {Using=css selector, value=body > div > table > tbody > tr > td:nth-child(2) > table > tbody > tr:nth-child(4) > td > table > tbody > tr > td:nth-child(2) > table > tbody > tr:nth-child(5) > td > form > table > tbody > tr:nth-child(9) > td:nth-child(2) > font > font > input[type=radio]:nth-child(2)}]]>
            </message>
            <full-stacktrace>
              <![CDATA[java.lang.AssertionError: Script failed due to Exceptionorg.openqa.selenium.NoSuchElementException: no such element: Unable to locate element: {"method":"css selector","selector":"body > div > table > tbody > tr > td:nth-child(2) > table > tbody > tr:nth-child(4) > td > table > tbody > tr > td:nth-child(2) > table > tbody > tr:nth-child(5) > td > form > table > tbody > tr:nth-child(9) > td:nth-child(2) > font > font > input[type=radio]:nth-child(2)"}
  (Session info: chrome=83.0.4103.116)
For documentation on this error, please visit: https://www.seleniumhq.org/exceptions/no_such_element.html
Build info: version: '3.141.59', revision: 'e82be7d358', time: '2018-11-14T08:25:48'
System info: host: 'ASPIREM5', ip: '192.168.1.184', os.name: 'Windows 10', os.arch: 'amd64', os.version: '10.0', java.version: '14.0.1'
Driver info: org.openqa.selenium.chrome.ChromeDriver
Capabilities {acceptInsecureCerts: false, browserName: chrome, browserVersion: 83.0.4103.116, chrome: {chromedriverVersion: 83.0.4103.39 (ccbf011cb2d2b..., userDataDir: C:\Users\Owner\AppData\Loca...}, goog:chromeOptions: {debuggerAddress: localhost:62003}, javascriptEnabled: true, networkConnectionEnabled: false, pageLoadStrategy: normal, platform: WINDOWS, platformName: WINDOWS, proxy: Proxy(), setWindowRect: true, strictFileInteractability: false, timeouts: {implicit: 0, pageLoad: 300000, script: 30000}, unhandledPromptBehavior: dismiss and notify, webauthn:virtualAuthenticators: true}
Session ID: a5fd3352d45a1e65876ff581ab8fda58
*** Element info: {Using=css selector, value=body > div > table > tbody > tr > td:nth-child(2) > table > tbody > tr:nth-child(4) > td > table > tbody > tr > td:nth-child(2) > table > tbody > tr:nth-child(5) > td > form > table > tbody > tr:nth-child(9) > td:nth-child(2) > font > font > input[type=radio]:nth-child(2)}
at org.testng.Assert.fail(Assert.java:97)
at demo2.ScreenShotTest.verifyFligtBooking(ScreenShotTest.java:58)
at java.base/jdk.internal.reflect.NativeMethodAccessorImpl.invoke0(Native Method)
at java.base/jdk.internal.reflect.NativeMethodAccessorImpl.invoke(NativeMethodAccessorImpl.java:62)
at java.base/jdk.internal.reflect.DelegatingMethodAccessorImpl.invoke(DelegatingMethodAccessorImpl.java:43)
at java.base/java.lang.reflect.Method.invoke(Method.java:564)
at org.testng.internal.MethodInvocationHelper.invokeMethod(MethodInvocationHelper.java:133)
at org.testng.internal.TestInvoker.invokeMethod(TestInvoker.java:584)
at org.testng.internal.TestInvoker.invokeTestMethod(TestInvoker.java:172)
at org.testng.internal.MethodRunner.runInSequence(MethodRunner.java:46)
at org.testng.internal.TestInvoker$MethodInvocationAgent.invoke(TestInvoker.java:804)
at org.testng.internal.TestInvoker.invokeTestMethods(TestInvoker.java:145)
at org.testng.internal.TestMethodWorker.invokeTestMethods(TestMethodWorker.java:146)
at org.testng.internal.TestMethodWorker.run(TestMethodWorker.java:128)
at java.base/java.util.ArrayList.forEach(ArrayList.java:1510)
at org.testng.TestRunner.privateRun(TestRunner.java:770)
at org.testng.TestRunner.run(TestRunner.java:591)
at org.testng.SuiteRunner.runTest(SuiteRunner.java:402)
at org.testng.SuiteRunner.runSequentially(SuiteRunner.java:396)
at org.testng.SuiteRunner.privateRun(SuiteRunner.java:355)
at org.testng.SuiteRunner.run(SuiteRunner.java:304)
at org.testng.SuiteRunnerWorker.runSuite(SuiteRunnerWorker.java:53)
at org.testng.SuiteRunnerWorker.run(SuiteRunnerWorker.java:96)
at org.testng.TestNG.runSuitesSequentially(TestNG.java:1180)
at org.testng.TestNG.runSuitesLocally(TestNG.java:1102)
at org.testng.TestNG.runSuites(TestNG.java:1032)
at org.testng.TestNG.run(TestNG.java:1000)
at org.testng.remote.AbstractRemoteTestNG.run(AbstractRemoteTestNG.java:115)
at org.testng.remote.RemoteTestNG.initAndRun(RemoteTestNG.java:251)
at org.testng.remote.RemoteTestNG.main(RemoteTestNG.java:77)
]]>
            </full-stacktrace>
          </exception> <!-- java.lang.AssertionError -->
          <reporter-output>
          </reporter-output>
        </test-method> <!-- verifyFligtBooking -->
        <test-method is-config="true" signature="closeBrowser()[pri:0, instance:demo2.ScreenShotTest@6ab7a896]" started-at="2020-06-30T18:06:34 EDT" name="closeBrowser" finished-at="2020-06-30T18:06:34 EDT" duration-ms="170" status="PASS">
          <reporter-output>
          </reporter-output>
        </test-method> <!-- closeBrowser -->
      </class> <!-- demo2.ScreenShotTest -->
    </test> <!-- Default test -->
  </suite> <!-- Default suite -->
</testng-results>
